<?xml version="1.0" encoding="UTF-8"?>
<!-- Generated by org.testng.reporters.JUnitReportReporter -->
<testsuite skipped="0" hostname="Infva06539" name="day7.dependsExample" tests="3" failures="0" timestamp="13 Mar 2019 09:00:09 GMT" time="5.480" errors="0">
  <testcase name="f" time="3.216" classname="day7.dependsExample"/>
  <testcase name="f2" time="2.191" classname="day7.dependsExample"/>
  <testcase name="f1" time="0.073" classname="day7.dependsExample"/>
</testsuite> <!-- day7.dependsExample -->
