<?xml version="1.0" encoding="UTF-8"?>
<!-- Generated by org.testng.reporters.JUnitReportReporter -->
<testsuite skipped="0" hostname="Infva06539" name="day9.Hybrid" tests="6" failures="0" timestamp="14 Mar 2019 07:25:56 GMT" time="7.253" errors="0">
  <testcase name="f" time="0.123" classname="day9.Hybrid"/>
  <testcase name="f" time="1.926" classname="day9.Hybrid"/>
  <testcase name="f" time="0.031" classname="day9.Hybrid"/>
  <testcase name="f" time="0.049" classname="day9.Hybrid"/>
  <testcase name="f" time="0.492" classname="day9.Hybrid"/>
  <testcase name="f" time="4.632" classname="day9.Hybrid"/>
</testsuite> <!-- day9.Hybrid -->
