<?xml version="1.0" encoding="UTF-8"?>
<!-- Generated by org.testng.reporters.JUnitReportReporter -->
<testsuite skipped="0" hostname="Infva06539" name="day7.alertExample" tests="1" failures="0" timestamp="12 Mar 2019 06:56:17 GMT" time="14.331" errors="0">
  <testcase name="f" time="14.331" classname="day7.alertExample"/>
</testsuite> <!-- day7.alertExample -->
