<?xml version="1.0" encoding="UTF-8"?>
<!-- Generated by org.testng.reporters.JUnitReportReporter -->
<testsuite skipped="0" hostname="Infva06539" name="day7.Grouping" tests="3" failures="0" timestamp="13 Mar 2019 09:21:02 GMT" time="0.015" errors="0">
  <testcase name="f1" time="0.015" classname="day7.Grouping"/>
  <testcase name="f3" time="0.000" classname="day7.Grouping"/>
  <testcase name="f2" time="0.000" classname="day7.Grouping"/>
</testsuite> <!-- day7.Grouping -->
