<?xml version="1.0" encoding="UTF-8"?>
<!-- Generated by org.testng.reporters.JUnitReportReporter -->
<testsuite skipped="0" hostname="Infva06539" name="in.lnt.TestNG.FirstNG" tests="2" failures="0" timestamp="09 Mar 2019 06:54:05 GMT" time="2.272" errors="0">
  <testcase name="title" time="2.210" classname="in.lnt.TestNG.FirstNG"/>
  <testcase name="serachBoxTest" time="0.062" classname="in.lnt.TestNG.FirstNG"/>
</testsuite> <!-- in.lnt.TestNG.FirstNG -->
