<?xml version="1.0" encoding="UTF-8"?>
<!-- Generated by org.testng.reporters.JUnitReportReporter -->
<testsuite skipped="0" hostname="Infva06539" name="day9.GridExample" tests="1" failures="0" timestamp="14 Mar 2019 09:42:51 GMT" time="10.756" errors="0">
  <testcase name="f" time="10.756" classname="day9.GridExample"/>
</testsuite> <!-- day9.GridExample -->
