<?xml version="1.0" encoding="UTF-8"?>
<!-- Generated by org.testng.reporters.JUnitReportReporter -->
<testsuite skipped="0" hostname="Infva06539" name="day7.Scrolling" tests="1" failures="0" timestamp="13 Mar 2019 09:00:09 GMT" time="19.176" errors="0">
  <testcase name="f" time="19.176" classname="day7.Scrolling"/>
</testsuite> <!-- day7.Scrolling -->
