<?xml version="1.0" encoding="UTF-8"?>
<!-- Generated by org.testng.reporters.JUnitReportReporter -->
<testsuite skipped="0" hostname="Infva06539" name="day7.CookieTest" tests="1" failures="0" timestamp="12 Mar 2019 05:42:00 GMT" time="7.482" errors="0">
  <testcase name="Google" time="7.482" classname="day7.CookieTest"/>
</testsuite> <!-- day7.CookieTest -->
